{
  "RSpec": {
    "coverage": {
      "/Users/mbayucot/Work/github/exams/car_controller/spec/car_navigator/controller_spec.rb": {
        "lines": [
          1,
          1,
          2,
          2,
          2,
          2,
          null,
          1,
          1,
          1,
          1,
          null,
          null,
          null,
          1,
          2,
          2,
          2,
          null,
          1,
          1,
          2,
          null,
          null,
          null,
          null,
          null,
          null,
          1,
          2,
          2,
          2,
          null,
          1,
          1,
          2,
          null,
          null,
          null,
          null,
          null,
          null,
          1,
          2,
          2,
          2,
          null,
          1,
          1,
          2,
          null,
          null,
          null,
          null,
          null,
          null
        ]
      }
    },
    "timestamp": 1641991357
  }
}
